Arguments: 
  /usr/local/bin/node /usr/local/bin/yarn start_server

PATH: 
  /usr/local/bin:/usr/bin:/bin:/usr/sbin:/sbin:/Library/Frameworks/Mono.framework/Versions/Current/Commands

Yarn version: 
  1.5.1

Node version: 
  8.11.1

Platform: 
  darwin x64

npm manifest: 
  {
    "name": "KETANG-ADMIN",
    "version": "1.0.0",
    "description": "",
    "main": "index.js",
    "scripts": {
      "start_server": "node index.js"
    },
    "license": "ISC",
    "dependencies": {
      "body-parser": "^1.18.3",
      "express": "^4.16.3",
      "express-session": "^1.15.6",
      "qs": "^6.5.2"
    }
  }

yarn manifest: 
  No manifest

Lockfile: 
  No lockfile

Trace: 
  Error: Command failed.
  Exit code: 1
  Command: sh
  Arguments: -c node index.js
  Directory: /Users/zhangxue/Desktop/yougouVue/yougou_server
  Output:
  
      at ProcessTermError.MessageError (/usr/local/lib/node_modules/yarn/lib/cli.js:186:110)
      at new ProcessTermError (/usr/local/lib/node_modules/yarn/lib/cli.js:226:113)
      at ChildProcess.<anonymous> (/usr/local/lib/node_modules/yarn/lib/cli.js:30281:17)
      at emitTwo (events.js:126:13)
      at ChildProcess.emit (events.js:214:7)
      at maybeClose (internal/child_process.js:925:16)
      at Process.ChildProcess._handle.onexit (internal/child_process.js:209:5)
